c:\users\amanuel anteneh\documents\visual studio 2019\qhome\qhome\x64\debug\moc_bluetoothlabel.obj
c:\users\amanuel anteneh\documents\visual studio 2019\qhome\qhome\x64\debug\moc_imagedownloader.obj
c:\users\amanuel anteneh\documents\visual studio 2019\qhome\qhome\x64\debug\moc_musiclabel.obj
c:\users\amanuel anteneh\documents\visual studio 2019\qhome\qhome\x64\debug\moc_studylabel.obj
c:\users\amanuel anteneh\documents\visual studio 2019\qhome\qhome\x64\debug\moc_myqlistwidget.obj
c:\users\amanuel anteneh\documents\visual studio 2019\qhome\qhome\x64\debug\qhome.obj
c:\users\amanuel anteneh\documents\visual studio 2019\qhome\qhome\x64\debug\studylabel.obj
c:\users\amanuel anteneh\documents\visual studio 2019\qhome\qhome\x64\debug\imagedownloader.obj
c:\users\amanuel anteneh\documents\visual studio 2019\qhome\qhome\x64\debug\myqlistwidget.obj
c:\users\amanuel anteneh\documents\visual studio 2019\qhome\qhome\x64\debug\main.obj
c:\users\amanuel anteneh\documents\visual studio 2019\qhome\qhome\x64\debug\bluetoothlabel.obj
c:\users\amanuel anteneh\documents\visual studio 2019\qhome\qhome\x64\debug\todolabel.obj
c:\users\amanuel anteneh\documents\visual studio 2019\qhome\qhome\x64\debug\musiclabel.obj
c:\users\amanuel anteneh\documents\visual studio 2019\qhome\qhome\x64\debug\moc_qhome.obj
c:\users\amanuel anteneh\documents\visual studio 2019\qhome\qhome\x64\debug\qrc_qhome.obj
c:\users\amanuel anteneh\documents\visual studio 2019\qhome\qhome\x64\debug\vc142.pdb
c:\users\amanuel anteneh\documents\visual studio 2019\qhome\qhome\x64\debug\moc_todolabel.obj
c:\users\amanuel anteneh\documents\visual studio 2019\qhome\x64\debug\qhome.exe
c:\users\amanuel anteneh\documents\visual studio 2019\qhome\x64\debug\qhome.ilk
c:\users\amanuel anteneh\documents\visual studio 2019\qhome\x64\debug\qhome.pdb
c:\users\amanuel anteneh\documents\visual studio 2019\qhome\qhome\x64\debug\moc\moc_todolabel.cpp
c:\users\amanuel anteneh\documents\visual studio 2019\qhome\qhome\x64\debug\moc\moc_studylabel.cpp
c:\users\amanuel anteneh\documents\visual studio 2019\qhome\qhome\x64\debug\moc\moc_qhome.cpp
c:\users\amanuel anteneh\documents\visual studio 2019\qhome\qhome\x64\debug\moc\moc_myqlistwidget.cpp
c:\users\amanuel anteneh\documents\visual studio 2019\qhome\qhome\x64\debug\moc\moc_musiclabel.cpp
c:\users\amanuel anteneh\documents\visual studio 2019\qhome\qhome\x64\debug\moc\moc_imagedownloader.cpp
c:\users\amanuel anteneh\documents\visual studio 2019\qhome\qhome\x64\debug\moc\moc_bluetoothlabel.cpp
c:\users\amanuel anteneh\documents\visual studio 2019\qhome\qhome\x64\debug\uic\ui_qhome.h
c:\users\amanuel anteneh\documents\visual studio 2019\qhome\qhome\x64\debug\rcc\qrc_qhome.cpp
c:\users\amanuel anteneh\documents\visual studio 2019\qhome\qhome\x64\debug\qhome.tlog\cl.command.1.tlog
c:\users\amanuel anteneh\documents\visual studio 2019\qhome\qhome\x64\debug\qhome.tlog\cl.read.1.tlog
c:\users\amanuel anteneh\documents\visual studio 2019\qhome\qhome\x64\debug\qhome.tlog\cl.write.1.tlog
c:\users\amanuel anteneh\documents\visual studio 2019\qhome\qhome\x64\debug\qhome.tlog\link.command.1.tlog
c:\users\amanuel anteneh\documents\visual studio 2019\qhome\qhome\x64\debug\qhome.tlog\link.read.1.tlog
c:\users\amanuel anteneh\documents\visual studio 2019\qhome\qhome\x64\debug\qhome.tlog\link.write.1.tlog
c:\users\amanuel anteneh\documents\visual studio 2019\qhome\qhome\x64\debug\qhome.tlog\moc.read.1u.tlog
c:\users\amanuel anteneh\documents\visual studio 2019\qhome\qhome\x64\debug\qhome.tlog\moc.write.1u.tlog
c:\users\amanuel anteneh\documents\visual studio 2019\qhome\qhome\x64\debug\qhome.tlog\qhome.write.1u.tlog
c:\users\amanuel anteneh\documents\visual studio 2019\qhome\qhome\x64\debug\qhome.tlog\rcc.read.1u.tlog
c:\users\amanuel anteneh\documents\visual studio 2019\qhome\qhome\x64\debug\qhome.tlog\rcc.write.1u.tlog
c:\users\amanuel anteneh\documents\visual studio 2019\qhome\qhome\x64\debug\qhome.tlog\uic.read.1u.tlog
c:\users\amanuel anteneh\documents\visual studio 2019\qhome\qhome\x64\debug\qhome.tlog\uic.write.1u.tlog
